{"level":"info","message":"Starting undefined vundefined","service":"gideons-tech-suite","timestamp":"2025-05-24 22:30:34"}
{"level":"info","message":"Environment: development","service":"gideons-tech-suite","timestamp":"2025-05-24 22:30:34"}
{"level":"info","message":"Node version: v23.11.0","service":"gideons-tech-suite","timestamp":"2025-05-24 22:30:34"}
{"level":"info","message":"Platform: darwin arm64","service":"gideons-tech-suite","timestamp":"2025-05-24 22:30:34"}
{"duration":"11ms","ip":"127.0.0.1","level":"info","message":"Request completed","method":"GET","path":"/","service":"gideons-tech-suite","status":200,"timestamp":"2025-05-24 22:31:14","userAgent":"Mozilla/5.0 (Macintosh; Intel Mac OS X 10_15_7) AppleWebKit/605.1.15 (KHTML, like Gecko) Version/18.5 Safari/605.1.15","userId":"anonymous"}
{"duration":"1ms","ip":"127.0.0.1","level":"info","message":"Request completed","method":"GET","path":"/static/css/main.4efb37a3.css","service":"gideons-tech-suite","status":200,"timestamp":"2025-05-24 22:31:14","userAgent":"Mozilla/5.0 (Macintosh; Intel Mac OS X 10_15_7) AppleWebKit/605.1.15 (KHTML, like Gecko) Version/18.5 Safari/605.1.15","userId":"anonymous"}
{"duration":"8ms","ip":"127.0.0.1","level":"info","message":"Request completed","method":"GET","path":"/static/js/main.0cc07ee6.js","service":"gideons-tech-suite","status":200,"timestamp":"2025-05-24 22:31:14","userAgent":"Mozilla/5.0 (Macintosh; Intel Mac OS X 10_15_7) AppleWebKit/605.1.15 (KHTML, like Gecko) Version/18.5 Safari/605.1.15","userId":"anonymous"}
{"duration":"1ms","ip":"127.0.0.1","level":"info","message":"Request completed","method":"GET","path":"/manifest.json","service":"gideons-tech-suite","status":200,"timestamp":"2025-05-24 22:31:14","userAgent":"Mozilla/5.0 (Macintosh; Intel Mac OS X 10_15_7) AppleWebKit/605.1.15 (KHTML, like Gecko) Version/18.5 Safari/605.1.15","userId":"anonymous"}
{"duration":"2ms","ip":"127.0.0.1","level":"info","message":"Request completed","method":"GET","path":"/logo192.png","service":"gideons-tech-suite","status":200,"timestamp":"2025-05-24 22:31:15","userAgent":"Mozilla/5.0 (Macintosh; Intel Mac OS X 10_15_7) AppleWebKit/605.1.15 (KHTML, like Gecko) Safari","userId":"anonymous"}
{"duration":"1ms","ip":"127.0.0.1","level":"info","message":"Request completed","method":"GET","path":"/favicon.ico","service":"gideons-tech-suite","status":200,"timestamp":"2025-05-24 22:31:15","userAgent":"Mozilla/5.0 (Macintosh; Intel Mac OS X 10_15_7) AppleWebKit/605.1.15 (KHTML, like Gecko) Version/18.5 Safari/605.1.15","userId":"anonymous"}
{"duration":"56ms","ip":"127.0.0.1","level":"info","message":"Request completed","method":"POST","path":"/api/v1/auth/login","service":"gideons-tech-suite","status":401,"timestamp":"2025-05-24 22:32:34","userAgent":"curl/8.7.1","userId":"anonymous"}
{"duration":"275ms","ip":"127.0.0.1","level":"info","message":"Request completed","method":"POST","path":"/register","service":"gideons-tech-suite","status":200,"timestamp":"2025-05-24 22:33:31","userAgent":"curl/8.7.1","userId":"anonymous"}
{"duration":"142ms","ip":"127.0.0.1","level":"info","message":"Request completed","method":"POST","path":"/login","service":"gideons-tech-suite","status":200,"timestamp":"2025-05-24 22:33:48","userAgent":"curl/8.7.1","userId":"anonymous"}
{"duration":"123ms","ip":"127.0.0.1","level":"info","message":"Request completed","method":"POST","path":"/api/v1/auth/login","service":"gideons-tech-suite","status":401,"timestamp":"2025-05-24 22:35:17","userAgent":"curl/8.7.1","userId":"anonymous"}
{"duration":"52ms","ip":"127.0.0.1","level":"info","message":"Request completed","method":"POST","path":"/api/v1/auth/login","service":"gideons-tech-suite","status":401,"timestamp":"2025-05-24 22:37:15","userAgent":"curl/8.7.1","userId":"anonymous"}
{"duration":"62ms","ip":"127.0.0.1","level":"info","message":"Request completed","method":"POST","path":"/api/v1/auth/login","service":"gideons-tech-suite","status":401,"timestamp":"2025-05-24 22:39:26","userAgent":"curl/8.7.1","userId":"anonymous"}
{"level":"info","message":"Starting gideons-tech-suite-backend v1.0.0","service":"gideons-tech-suite","timestamp":"2025-05-24 22:40:19"}
{"level":"info","message":"Environment: test","service":"gideons-tech-suite","timestamp":"2025-05-24 22:40:19"}
{"level":"info","message":"Node version: v23.11.0","service":"gideons-tech-suite","timestamp":"2025-05-24 22:40:19"}
{"level":"info","message":"Platform: darwin arm64","service":"gideons-tech-suite","timestamp":"2025-05-24 22:40:19"}
{"level":"info","message":"Starting gideons-tech-suite-backend v1.0.0","service":"gideons-tech-suite","timestamp":"2025-05-24 22:41:24"}
{"level":"info","message":"Environment: test","service":"gideons-tech-suite","timestamp":"2025-05-24 22:41:24"}
{"level":"info","message":"Node version: v23.11.0","service":"gideons-tech-suite","timestamp":"2025-05-24 22:41:24"}
{"level":"info","message":"Platform: darwin arm64","service":"gideons-tech-suite","timestamp":"2025-05-24 22:41:24"}
{"level":"info","message":"Starting gideons-tech-suite-backend v1.0.0","service":"gideons-tech-suite","timestamp":"2025-05-24 22:41:51"}
{"level":"info","message":"Environment: test","service":"gideons-tech-suite","timestamp":"2025-05-24 22:41:51"}
{"level":"info","message":"Node version: v23.11.0","service":"gideons-tech-suite","timestamp":"2025-05-24 22:41:51"}
{"level":"info","message":"Platform: darwin arm64","service":"gideons-tech-suite","timestamp":"2025-05-24 22:41:51"}
{"level":"info","message":"Starting gideons-tech-suite-backend v1.0.0","service":"gideons-tech-suite","timestamp":"2025-05-24 22:42:32"}
{"level":"info","message":"Environment: test","service":"gideons-tech-suite","timestamp":"2025-05-24 22:42:32"}
{"level":"info","message":"Node version: v23.11.0","service":"gideons-tech-suite","timestamp":"2025-05-24 22:42:32"}
{"level":"info","message":"Platform: darwin arm64","service":"gideons-tech-suite","timestamp":"2025-05-24 22:42:32"}
{"level":"info","message":"Starting gideons-tech-suite-backend v1.0.0","service":"gideons-tech-suite","timestamp":"2025-05-24 22:43:34"}
{"level":"info","message":"Environment: test","service":"gideons-tech-suite","timestamp":"2025-05-24 22:43:34"}
{"level":"info","message":"Node version: v23.11.0","service":"gideons-tech-suite","timestamp":"2025-05-24 22:43:34"}
{"level":"info","message":"Platform: darwin arm64","service":"gideons-tech-suite","timestamp":"2025-05-24 22:43:34"}
{"level":"info","message":"Starting gideons-tech-suite-backend v1.0.0","service":"gideons-tech-suite","timestamp":"2025-05-24 22:44:25"}
{"level":"info","message":"Environment: test","service":"gideons-tech-suite","timestamp":"2025-05-24 22:44:25"}
{"level":"info","message":"Node version: v23.11.0","service":"gideons-tech-suite","timestamp":"2025-05-24 22:44:25"}
{"level":"info","message":"Platform: darwin arm64","service":"gideons-tech-suite","timestamp":"2025-05-24 22:44:25"}
{"level":"info","message":"Starting gideons-tech-suite-backend v1.0.0","service":"gideons-tech-suite","timestamp":"2025-05-24 22:45:05"}
{"level":"info","message":"Environment: test","service":"gideons-tech-suite","timestamp":"2025-05-24 22:45:05"}
{"level":"info","message":"Node version: v23.11.0","service":"gideons-tech-suite","timestamp":"2025-05-24 22:45:05"}
{"level":"info","message":"Platform: darwin arm64","service":"gideons-tech-suite","timestamp":"2025-05-24 22:45:05"}
{"level":"info","message":"Starting gideons-tech-suite-backend v1.0.0","service":"gideons-tech-suite","timestamp":"2025-05-24 22:46:12"}
{"level":"info","message":"Environment: test","service":"gideons-tech-suite","timestamp":"2025-05-24 22:46:12"}
{"level":"info","message":"Node version: v23.11.0","service":"gideons-tech-suite","timestamp":"2025-05-24 22:46:12"}
{"level":"info","message":"Platform: darwin arm64","service":"gideons-tech-suite","timestamp":"2025-05-24 22:46:12"}
{"level":"info","message":"Starting gideons-tech-suite-backend v1.0.0","service":"gideons-tech-suite","timestamp":"2025-05-24 22:48:25"}
{"level":"info","message":"Environment: test","service":"gideons-tech-suite","timestamp":"2025-05-24 22:48:25"}
{"level":"info","message":"Node version: v23.11.0","service":"gideons-tech-suite","timestamp":"2025-05-24 22:48:25"}
{"level":"info","message":"Platform: darwin arm64","service":"gideons-tech-suite","timestamp":"2025-05-24 22:48:25"}
{"level":"info","message":"Starting gideons-tech-suite-backend v1.0.0","service":"gideons-tech-suite","timestamp":"2025-05-24 22:49:17"}
{"level":"info","message":"Environment: test","service":"gideons-tech-suite","timestamp":"2025-05-24 22:49:17"}
{"level":"info","message":"Node version: v23.11.0","service":"gideons-tech-suite","timestamp":"2025-05-24 22:49:17"}
{"level":"info","message":"Platform: darwin arm64","service":"gideons-tech-suite","timestamp":"2025-05-24 22:49:17"}
{"level":"info","message":"Starting gideons-tech-suite-backend v1.0.0","service":"gideons-tech-suite","timestamp":"2025-05-24 22:51:35"}
{"level":"info","message":"Environment: test","service":"gideons-tech-suite","timestamp":"2025-05-24 22:51:35"}
{"level":"info","message":"Node version: v23.11.0","service":"gideons-tech-suite","timestamp":"2025-05-24 22:51:35"}
{"level":"info","message":"Platform: darwin arm64","service":"gideons-tech-suite","timestamp":"2025-05-24 22:51:35"}
{"level":"info","message":"Starting gideons-tech-suite-backend v1.0.0","service":"gideons-tech-suite","timestamp":"2025-05-24 22:52:37"}
{"level":"info","message":"Environment: test","service":"gideons-tech-suite","timestamp":"2025-05-24 22:52:37"}
{"level":"info","message":"Node version: v23.11.0","service":"gideons-tech-suite","timestamp":"2025-05-24 22:52:37"}
{"level":"info","message":"Platform: darwin arm64","service":"gideons-tech-suite","timestamp":"2025-05-24 22:52:37"}
{"level":"info","message":"Starting gideons-tech-suite-backend v1.0.0","service":"gideons-tech-suite","timestamp":"2025-05-24 22:53:42"}
{"level":"info","message":"Environment: test","service":"gideons-tech-suite","timestamp":"2025-05-24 22:53:42"}
{"level":"info","message":"Node version: v23.11.0","service":"gideons-tech-suite","timestamp":"2025-05-24 22:53:42"}
{"level":"info","message":"Platform: darwin arm64","service":"gideons-tech-suite","timestamp":"2025-05-24 22:53:42"}
{"level":"info","message":"Starting gideons-tech-suite-backend v1.0.0","service":"gideons-tech-suite","timestamp":"2025-05-24 22:54:44"}
{"level":"info","message":"Environment: test","service":"gideons-tech-suite","timestamp":"2025-05-24 22:54:44"}
{"level":"info","message":"Node version: v23.11.0","service":"gideons-tech-suite","timestamp":"2025-05-24 22:54:44"}
{"level":"info","message":"Platform: darwin arm64","service":"gideons-tech-suite","timestamp":"2025-05-24 22:54:44"}
